<?xml version="1.0" encoding="UTF-8"?>
<testExecutions version="1">
  <file path="/Users/rmiranda/Projects/my/banca-ui/src/__tests__/elements/avatar/avatar.test.tsx">
    <testCase name="Elements Avatar should render" duration="50"/>
    <testCase name="Elements Avatar should have the prop name" duration="15"/>
    <testCase name="Elements Avatar should have the background-color prop" duration="271"/>
    <testCase name="Elements Avatar should have the size prop" duration="149"/>
  </file>
</testExecutions>